"C:\Program Files\Java\jdk-11.0.12\bin\java.exe" -ea -Didea.test.cyclic.buffer.size=1048576 "-javaagent:C:\Program Files\JetBrains\IntelliJ IDEA Community Edition 2021.2\lib\idea_rt.jar=58829:C:\Program Files\JetBrains\IntelliJ IDEA Community Edition 2021.2\bin" -Dfile.encoding=UTF-8 -classpath "C:\Program Files\JetBrains\IntelliJ IDEA Community Edition 2021.2\lib\idea_rt.jar;C:\Program Files\JetBrains\IntelliJ IDEA Community Edition 2021.2\plugins\junit\lib\junit5-rt.jar;C:\Program Files\JetBrains\IntelliJ IDEA Community Edition 2021.2\plugins\junit\lib\junit-rt.jar;F:\Study\repositories\selenium_webdriver\java-example\out\test\classes;F:\Study\repositories\selenium_webdriver\java-example\out\test\resources;C:\Users\Stanislav\.gradle\caches\modules-2\files-2.1\junit\junit\4.13.1\cdd00374f1fee76b11e2a9d127405aa3f6be5b6a\junit-4.13.1.jar;C:\Users\Stanislav\.gradle\caches\modules-2\files-2.1\org.seleniumhq.selenium\selenium-java\4.1.0\d1ff6102a8b23729b967406ea85f40fea5a2e970\selenium-java-4.1.0.jar;C:\Users\Stanislav\.gradle\caches\modules-2\files-2.1\org.junit.jupiter\junit-jupiter-api\5.4.2\665d1c0daecb26c6210c872768000b417e7e52b6\junit-jupiter-api-5.4.2.jar;C:\Users\Stanislav\.gradle\caches\modules-2\files-2.1\org.hamcrest\hamcrest-core\1.3\42a25dc3219429f0e5d060061f71acb49bf010a0\hamcrest-core-1.3.jar;C:\Users\Stanislav\.gradle\caches\modules-2\files-2.1\org.seleniumhq.selenium\selenium-chrome-driver\4.1.0\e471289a5a7c59cefebae2e0f33cb24151ba7058\selenium-chrome-driver-4.1.0.jar;C:\Users\Stanislav\.gradle\caches\modules-2\files-2.1\org.seleniumhq.selenium\selenium-firefox-xpi-driver\4.1.0\a1f0564c5e5265b9605b8f231ef37461961797e3\selenium-firefox-xpi-driver-4.1.0.jar;C:\Users\Stanislav\.gradle\caches\modules-2\files-2.1\org.seleniumhq.selenium\selenium-firefox-driver\4.1.0\2b458340d137027ef38dc58888e359f967f59a31\selenium-firefox-driver-4.1.0.jar;C:\Users\Stanislav\.gradle\caches\modules-2\files-2.1\org.seleniumhq.selenium\selenium-devtools-v85\4.1.0\39ee9b0c771d18a5595fdf1475eadcc0f0f238b7\selenium-devtools-v85-4.1.0.jar;C:\Users\Stanislav\.gradle\caches\modules-2\files-2.1\org.seleniumhq.selenium\selenium-devtools-v94\4.1.0\a0594e5aa3ca37d4d7416ec15cc9445c0afb7039\selenium-devtools-v94-4.1.0.jar;C:\Users\Stanislav\.gradle\caches\modules-2\files-2.1\org.seleniumhq.selenium\selenium-devtools-v95\4.1.0\e6f4afb354e92677e483d223d8a9dd7fab82d955\selenium-devtools-v95-4.1.0.jar;C:\Users\Stanislav\.gradle\caches\modules-2\files-2.1\org.seleniumhq.selenium\selenium-devtools-v96\4.1.0\c24aff6edaf37e35ee1e92bc4522d19299331a63\selenium-devtools-v96-4.1.0.jar;C:\Users\Stanislav\.gradle\caches\modules-2\files-2.1\org.seleniumhq.selenium\selenium-edge-driver\4.1.0\7c2329a986ee32153d0a9fbe0b7f3bd5e5ee417c\selenium-edge-driver-4.1.0.jar;C:\Users\Stanislav\.gradle\caches\modules-2\files-2.1\org.seleniumhq.selenium\selenium-ie-driver\4.1.0\55063dececec019ca93f38fdb3a64414986ab2e7\selenium-ie-driver-4.1.0.jar;C:\Users\Stanislav\.gradle\caches\modules-2\files-2.1\org.seleniumhq.selenium\selenium-opera-driver\4.1.0\564c74972bfca6cf3efe43d3a35e167cd8c57ac0\selenium-opera-driver-4.1.0.jar;C:\Users\Stanislav\.gradle\caches\modules-2\files-2.1\org.seleniumhq.selenium\selenium-safari-driver\4.1.0\852fd5b362b8289168474fe98e785a94f2228ad2\selenium-safari-driver-4.1.0.jar;C:\Users\Stanislav\.gradle\caches\modules-2\files-2.1\org.seleniumhq.selenium\selenium-support\4.1.0\7abe432c1e9732cc9d3cbfc6a0c537ae9a44c239\selenium-support-4.1.0.jar;C:\Users\Stanislav\.gradle\caches\modules-2\files-2.1\org.seleniumhq.selenium\selenium-remote-driver\4.1.0\a41565cdd1c648be4b5405fd8b904542fe732869\selenium-remote-driver-4.1.0.jar;C:\Users\Stanislav\.gradle\caches\modules-2\files-2.1\org.seleniumhq.selenium\selenium-api\4.1.0\c02717a151a2d0ed657a2978c9473c74f26cd07d\selenium-api-4.1.0.jar;C:\Users\Stanislav\.gradle\caches\modules-2\files-2.1\org.junit.platform\junit-platform-commons\1.4.2\37993dc807ca253aa347be8968a0ae7b70642dbc\junit-platform-commons-1.4.2.jar;C:\Users\Stanislav\.gradle\caches\modules-2\files-2.1\org.apiguardian\apiguardian-api\1.0.0\3ef5276905e36f4d8055fe3cb0bdcc7503ffc85d\apiguardian-api-1.0.0.jar;C:\Users\Stanislav\.gradle\caches\modules-2\files-2.1\org.opentest4j\opentest4j\1.1.1\efd9f971e91074491ea55b19f67b13470cf4fcdd\opentest4j-1.1.1.jar;C:\Users\Stanislav\.gradle\caches\modules-2\files-2.1\org.seleniumhq.selenium\selenium-chromium-driver\4.1.0\dfbcfb49ef635da62c342c31055fe9d21250756a\selenium-chromium-driver-4.1.0.jar;C:\Users\Stanislav\.gradle\caches\modules-2\files-2.1\org.seleniumhq.selenium\selenium-json\4.1.0\d6b50de970b3cf420fdd58b656c500745202da85\selenium-json-4.1.0.jar;C:\Users\Stanislav\.gradle\caches\modules-2\files-2.1\com.google.auto.service\auto-service\1.0.1\c9779f7372192a96c957a3df1faeeabd07881085\auto-service-1.0.1.jar;C:\Users\Stanislav\.gradle\caches\modules-2\files-2.1\com.google.auto.service\auto-service-annotations\1.0.1\ac86dacc0eb9285ea9d42eee6aad8629ca3a7432\auto-service-annotations-1.0.1.jar;C:\Users\Stanislav\.gradle\caches\modules-2\files-2.1\com.google.guava\guava\31.0.1-jre\119ea2b2bc205b138974d351777b20f02b92704b\guava-31.0.1-jre.jar;C:\Users\Stanislav\.gradle\caches\modules-2\files-2.1\org.seleniumhq.selenium\selenium-http\4.1.0\294bc7c16abf3e56e887c6eaa65aa79831ad5421\selenium-http-4.1.0.jar;C:\Users\Stanislav\.gradle\caches\modules-2\files-2.1\com.beust\jcommander\1.81\9ca9dd27bb28e5990ad01aec5bb2989f50b6ff3e\jcommander-1.81.jar;C:\Users\Stanislav\.gradle\caches\modules-2\files-2.1\org.asynchttpclient\async-http-client\2.12.3\6dfc91814cc8b3bc3327246d0e5df36911b9a623\async-http-client-2.12.3.jar;C:\Users\Stanislav\.gradle\caches\modules-2\files-2.1\io.netty\netty-codec-http\4.1.69.Final\702c6104a716ca9dc8eec6f4459733fdfcbe1959\netty-codec-http-4.1.69.Final.jar;C:\Users\Stanislav\.gradle\caches\modules-2\files-2.1\io.netty\netty-transport-native-epoll\4.1.69.Final\22752c3332435a870157ca92583ac2566a60567e\netty-transport-native-epoll-4.1.69.Final.jar;C:\Users\Stanislav\.gradle\caches\modules-2\files-2.1\io.netty\netty-transport-native-epoll\4.1.69.Final\9b5a83befb5fe11a83804c071c50fa58d032c763\netty-transport-native-epoll-4.1.69.Final-linux-x86_64.jar;C:\Users\Stanislav\.gradle\caches\modules-2\files-2.1\io.netty\netty-transport-native-kqueue\4.1.69.Final\b02f2b4051d17f4ec81daf7000231596ba82adf2\netty-transport-native-kqueue-4.1.69.Final.jar;C:\Users\Stanislav\.gradle\caches\modules-2\files-2.1\io.netty\netty-transport-native-kqueue\4.1.69.Final\a9597b971925b4b0d93d32d697bfe194421d5c76\netty-transport-native-kqueue-4.1.69.Final-osx-x86_64.jar;C:\Users\Stanislav\.gradle\caches\modules-2\files-2.1\io.netty\netty-transport-native-unix-common\4.1.69.Final\b055314f117262c23df91a3874bebf0a53f3e24\netty-transport-native-unix-common-4.1.69.Final.jar;C:\Users\Stanislav\.gradle\caches\modules-2\files-2.1\io.netty\netty-transport\4.1.69.Final\228e5318012edb93138005ebe896b5dd91d4b47d\netty-transport-4.1.69.Final.jar;C:\Users\Stanislav\.gradle\caches\modules-2\files-2.1\io.netty\netty-buffer\4.1.69.Final\c87da90e422b331ecd1e157ca77e5300348b6d0d\netty-buffer-4.1.69.Final.jar;C:\Users\Stanislav\.gradle\caches\modules-2\files-2.1\io.netty\netty-common\4.1.69.Final\810e0649787c4930a8e699d68eb8519df2560dd0\netty-common-4.1.69.Final.jar;C:\Users\Stanislav\.gradle\caches\modules-2\files-2.1\io.opentelemetry\opentelemetry-exporter-logging\1.9.0\3e8ff4f8da800522a6cc7c64eef0b2dc608f8c16\opentelemetry-exporter-logging-1.9.0.jar;C:\Users\Stanislav\.gradle\caches\modules-2\files-2.1\io.opentelemetry\opentelemetry-sdk-extension-autoconfigure\1.9.0-alpha\a4bec69121207222db02628fd4d4aba516d5db3f\opentelemetry-sdk-extension-autoconfigure-1.9.0-alpha.jar;C:\Users\Stanislav\.gradle\caches\modules-2\files-2.1\io.opentelemetry\opentelemetry-sdk-extension-autoconfigure-spi\1.9.0\22be2c981a1bcc49df1cae2cfaa772967e3b5776\opentelemetry-sdk-extension-autoconfigure-spi-1.9.0.jar;C:\Users\Stanislav\.gradle\caches\modules-2\files-2.1\io.opentelemetry\opentelemetry-sdk\1.9.0\5fde191eb694e83a3df923544a920bc7187a15e6\opentelemetry-sdk-1.9.0.jar;C:\Users\Stanislav\.gradle\caches\modules-2\files-2.1\io.opentelemetry\opentelemetry-sdk-trace\1.9.0\d7994581e392bc43f4bdb529f1e19ace8625f41a\opentelemetry-sdk-trace-1.9.0.jar;C:\Users\Stanislav\.gradle\caches\modules-2\files-2.1\io.opentelemetry\opentelemetry-sdk-common\1.9.0\f834a3cfb30e7a80768b2205940d4e6d203b9e7a\opentelemetry-sdk-common-1.9.0.jar;C:\Users\Stanislav\.gradle\caches\modules-2\files-2.1\io.opentelemetry\opentelemetry-semconv\1.9.0-alpha\fe3b7c4eb863cf433594ba21dafa74206b6ab760\opentelemetry-semconv-1.9.0-alpha.jar;C:\Users\Stanislav\.gradle\caches\modules-2\files-2.1\io.opentelemetry\opentelemetry-api\1.9.0\464e96a2c7467aa46cc5e9e1a721dd4f8a7e5311\opentelemetry-api-1.9.0.jar;C:\Users\Stanislav\.gradle\caches\modules-2\files-2.1\io.opentelemetry\opentelemetry-context\1.9.0\5fa03396a9b9e8864c3d92dce196cdd7ffe86fdb\opentelemetry-context-1.9.0.jar;C:\Users\Stanislav\.gradle\caches\modules-2\files-2.1\io.ous\jtoml\2.0.0\2085505b2b173e14b2a7702edd703ce185fd6206\jtoml-2.0.0.jar;C:\Users\Stanislav\.gradle\caches\modules-2\files-2.1\net.bytebuddy\byte-buddy\1.12.1\97678ff6b11525e06188f56f9afd14be28bf85f9\byte-buddy-1.12.1.jar;C:\Users\Stanislav\.gradle\caches\modules-2\files-2.1\org.apache.commons\commons-exec\1.3\8dfb9facd0830a27b1b5f29f84593f0aeee7773b\commons-exec-1.3.jar;C:\Users\Stanislav\.gradle\caches\modules-2\files-2.1\com.google.auto\auto-common\1.2\ca270191fd7d2a7297da7c8f29184206df10c67d\auto-common-1.2.jar;C:\Users\Stanislav\.gradle\caches\modules-2\files-2.1\com.google.guava\failureaccess\1.0.1\1dcf1de382a0bf95a3d8b0849546c88bac1292c9\failureaccess-1.0.1.jar;C:\Users\Stanislav\.gradle\caches\modules-2\files-2.1\com.google.guava\listenablefuture\9999.0-empty-to-avoid-conflict-with-guava\b421526c5f297295adef1c886e5246c39d4ac629\listenablefuture-9999.0-empty-to-avoid-conflict-with-guava.jar;C:\Users\Stanislav\.gradle\caches\modules-2\files-2.1\com.google.code.findbugs\jsr305\3.0.2\25ea2e8b0c338a877313bd4672d3fe056ea78f0d\jsr305-3.0.2.jar;C:\Users\Stanislav\.gradle\caches\modules-2\files-2.1\org.checkerframework\checker-qual\3.12.0\d5692f0526415fcc6de94bb5bfbd3afd9dd3b3e5\checker-qual-3.12.0.jar;C:\Users\Stanislav\.gradle\caches\modules-2\files-2.1\com.google.errorprone\error_prone_annotations\2.7.1\458d9042f7aa6fa9a634df902b37f544e15aacac\error_prone_annotations-2.7.1.jar;C:\Users\Stanislav\.gradle\caches\modules-2\files-2.1\com.google.j2objc\j2objc-annotations\1.3\ba035118bc8bac37d7eff77700720999acd9986d\j2objc-annotations-1.3.jar;C:\Users\Stanislav\.gradle\caches\modules-2\files-2.1\net.jodah\failsafe\2.4.4\358ce45d0852f164802a700586469b06e54fa5a0\failsafe-2.4.4.jar;C:\Users\Stanislav\.gradle\caches\modules-2\files-2.1\io.netty\netty-handler-proxy\4.1.60.Final\2352f12826400e5db64b36fd951508ce9a61c196\netty-handler-proxy-4.1.60.Final.jar;C:\Users\Stanislav\.gradle\caches\modules-2\files-2.1\com.typesafe.netty\netty-reactive-streams\2.0.4\f77c8eaa7d5e2f2160b6d21ba385cf726f164b2\netty-reactive-streams-2.0.4.jar;C:\Users\Stanislav\.gradle\caches\modules-2\files-2.1\io.netty\netty-handler\4.1.69.Final\73e932059ce8881094cedcfe4a92b8391ffa7b1b\netty-handler-4.1.69.Final.jar;C:\Users\Stanislav\.gradle\caches\modules-2\files-2.1\io.netty\netty-codec-socks\4.1.60.Final\6f4573281df659265bd709fd10471c3e00ef6c70\netty-codec-socks-4.1.60.Final.jar;C:\Users\Stanislav\.gradle\caches\modules-2\files-2.1\org.asynchttpclient\async-http-client-netty-utils\2.12.3\ad99d8622931ed31367d0fef7fa17eb62e033fb3\async-http-client-netty-utils-2.12.3.jar;C:\Users\Stanislav\.gradle\caches\modules-2\files-2.1\org.reactivestreams\reactive-streams\1.0.3\d9fb7a7926ffa635b3dcaa5049fb2bfa25b3e7d0\reactive-streams-1.0.3.jar;C:\Users\Stanislav\.gradle\caches\modules-2\files-2.1\org.slf4j\slf4j-api\1.7.30\b5a4b6d16ab13e34a88fae84c35cd5d68cac922c\slf4j-api-1.7.30.jar;C:\Users\Stanislav\.gradle\caches\modules-2\files-2.1\com.sun.activation\jakarta.activation\1.2.2\74548703f9851017ce2f556066659438019e7eb5\jakarta.activation-1.2.2.jar;C:\Users\Stanislav\.gradle\caches\modules-2\files-2.1\io.netty\netty-codec\4.1.69.Final\617ecaee8bcb3874234e8c0832843ebbc9e9dcc9\netty-codec-4.1.69.Final.jar;C:\Users\Stanislav\.gradle\caches\modules-2\files-2.1\io.netty\netty-resolver\4.1.69.Final\d4e7b1b8c1e5aeaf41877906b90762f1e0151902\netty-resolver-4.1.69.Final.jar;C:\Users\Stanislav\.gradle\caches\modules-2\files-2.1\io.opentelemetry\opentelemetry-sdk-logs\1.9.0-alpha\821b6ef1443a8fb5b5a50ac7432f4d1678d15018\opentelemetry-sdk-logs-1.9.0-alpha.jar;C:\Users\Stanislav\.gradle\caches\modules-2\files-2.1\io.opentelemetry\opentelemetry-sdk-metrics\1.9.0-alpha\247a4cbc19fc934d19e442900bd1b115914fd132\opentelemetry-sdk-metrics-1.9.0-alpha.jar;C:\Users\Stanislav\.gradle\caches\modules-2\files-2.1\io.opentelemetry\opentelemetry-api-metrics\1.9.0-alpha\db9e872c623f59e84e520f28a6af2baf1a4d2001\opentelemetry-api-metrics-1.9.0-alpha.jar;C:\Users\Stanislav\.gradle\caches\modules-2\files-2.1\org.junit.jupiter\junit-jupiter-engine\5.4.2\4d10922ce4d9c4e22cef8ff5386cb273b9f12281\junit-jupiter-engine-5.4.2.jar;C:\Users\Stanislav\.gradle\caches\modules-2\files-2.1\org.junit.platform\junit-platform-engine\1.4.2\52b70561f65bb397b054876f2d8c6f30b06c3581\junit-platform-engine-1.4.2.jar" com.intellij.rt.junit.JUnitStarter -ideVersion5 -junit4 MyFirstTestChrome,myFirstTest
янв. 06, 2022 4:20:13 PM org.openqa.selenium.remote.tracing.opentelemetry.OpenTelemetryTracer createTracer
INFO: Using OpenTelemetry for tracing
SLF4J: Failed to load class "org.slf4j.impl.StaticLoggerBinder".
SLF4J: Defaulting to no-operation (NOP) logger implementation
SLF4J: See http://www.slf4j.org/codes.html#StaticLoggerBinder for further details.

org.openqa.selenium.SessionNotCreatedException: Could not start a new session. Possible causes are invalid address of the remote server or browser start-up failure.
Build info: version: '4.1.0', revision: '87802e897b'
System info: host: 'LENOVO-PC', ip: '192.168.56.1', os.name: 'Windows 10', os.arch: 'amd64', os.version: '10.0', java.version: '11.0.12'
Driver info: org.openqa.selenium.remote.RemoteWebDriver
Command: [null, newSession {capabilities=[Capabilities {browserName: chrome, goog:chromeOptions: {args: [], extensions: []}}], desiredCapabilities=Capabilities {browserName: chrome, goog:chromeOptions: {args: [], extensions: []}}}]
Capabilities {}

	at org.openqa.selenium.remote.RemoteWebDriver.execute(RemoteWebDriver.java:577)
	at org.openqa.selenium.remote.RemoteWebDriver.startSession(RemoteWebDriver.java:246)
	at org.openqa.selenium.remote.RemoteWebDriver.<init>(RemoteWebDriver.java:168)
	at org.openqa.selenium.remote.RemoteWebDriver.<init>(RemoteWebDriver.java:146)
	at MyFirstTestChrome.start(MyFirstTestChrome.java:27)
	at java.base/jdk.internal.reflect.NativeMethodAccessorImpl.invoke0(Native Method)
	at java.base/jdk.internal.reflect.NativeMethodAccessorImpl.invoke(NativeMethodAccessorImpl.java:62)
	at java.base/jdk.internal.reflect.DelegatingMethodAccessorImpl.invoke(DelegatingMethodAccessorImpl.java:43)
	at java.base/java.lang.reflect.Method.invoke(Method.java:566)
	at org.junit.runners.model.FrameworkMethod$1.runReflectiveCall(FrameworkMethod.java:59)
	at org.junit.internal.runners.model.ReflectiveCallable.run(ReflectiveCallable.java:12)
	at org.junit.runners.model.FrameworkMethod.invokeExplosively(FrameworkMethod.java:56)
	at org.junit.internal.runners.statements.RunBefores.invokeMethod(RunBefores.java:33)
	at org.junit.internal.runners.statements.RunBefores.evaluate(RunBefores.java:24)
	at org.junit.internal.runners.statements.RunAfters.evaluate(RunAfters.java:27)
	at org.junit.runners.ParentRunner$3.evaluate(ParentRunner.java:306)
	at org.junit.runners.BlockJUnit4ClassRunner$1.evaluate(BlockJUnit4ClassRunner.java:100)
	at org.junit.runners.ParentRunner.runLeaf(ParentRunner.java:366)
	at org.junit.runners.BlockJUnit4ClassRunner.runChild(BlockJUnit4ClassRunner.java:103)
	at org.junit.runners.BlockJUnit4ClassRunner.runChild(BlockJUnit4ClassRunner.java:63)
	at org.junit.runners.ParentRunner$4.run(ParentRunner.java:331)
	at org.junit.runners.ParentRunner$1.schedule(ParentRunner.java:79)
	at org.junit.runners.ParentRunner.runChildren(ParentRunner.java:329)
	at org.junit.runners.ParentRunner.access$100(ParentRunner.java:66)
	at org.junit.runners.ParentRunner$2.evaluate(ParentRunner.java:293)
	at org.junit.runners.ParentRunner$3.evaluate(ParentRunner.java:306)
	at org.junit.runners.ParentRunner.run(ParentRunner.java:413)
	at org.junit.runner.JUnitCore.run(JUnitCore.java:137)
	at com.intellij.junit4.JUnit4IdeaTestRunner.startRunnerWithArgs(JUnit4IdeaTestRunner.java:69)
	at com.intellij.rt.junit.IdeaTestRunner$Repeater.startRunnerWithArgs(IdeaTestRunner.java:33)
	at com.intellij.rt.junit.JUnitStarter.prepareStreamsAndStart(JUnitStarter.java:235)
	at com.intellij.rt.junit.JUnitStarter.main(JUnitStarter.java:54)
Caused by: java.lang.RuntimeException: NettyHttpHandler request execution error
	at org.openqa.selenium.remote.http.netty.NettyHttpHandler.makeCall(NettyHttpHandler.java:83)
	at org.openqa.selenium.remote.http.RetryRequest.lambda$apply$6(RetryRequest.java:82)
	at net.jodah.failsafe.Functions.lambda$get$0(Functions.java:48)
	at net.jodah.failsafe.RetryPolicyExecutor.lambda$supply$0(RetryPolicyExecutor.java:66)
	at net.jodah.failsafe.RetryPolicyExecutor.lambda$supply$0(RetryPolicyExecutor.java:66)
	at net.jodah.failsafe.RetryPolicyExecutor.lambda$supply$0(RetryPolicyExecutor.java:66)
	at net.jodah.failsafe.Execution.executeSync(Execution.java:128)
	at net.jodah.failsafe.FailsafeExecutor.call(FailsafeExecutor.java:379)
	at net.jodah.failsafe.FailsafeExecutor.get(FailsafeExecutor.java:68)
	at org.openqa.selenium.remote.http.RetryRequest.lambda$apply$7(RetryRequest.java:82)
	at org.openqa.selenium.remote.http.AddSeleniumUserAgent.lambda$apply$0(AddSeleniumUserAgent.java:42)
	at org.openqa.selenium.remote.http.Filter.lambda$andFinally$1(Filter.java:56)
	at org.openqa.selenium.remote.http.netty.NettyHttpHandler.execute(NettyHttpHandler.java:51)
	at org.openqa.selenium.remote.http.RetryRequest.lambda$apply$6(RetryRequest.java:82)
	at net.jodah.failsafe.Functions.lambda$get$0(Functions.java:48)
	at net.jodah.failsafe.RetryPolicyExecutor.lambda$supply$0(RetryPolicyExecutor.java:66)
	at net.jodah.failsafe.RetryPolicyExecutor.lambda$supply$0(RetryPolicyExecutor.java:66)
	at net.jodah.failsafe.RetryPolicyExecutor.lambda$supply$0(RetryPolicyExecutor.java:66)
	at net.jodah.failsafe.Execution.executeSync(Execution.java:128)
	at net.jodah.failsafe.FailsafeExecutor.call(FailsafeExecutor.java:379)
	at net.jodah.failsafe.FailsafeExecutor.get(FailsafeExecutor.java:68)
	at org.openqa.selenium.remote.http.RetryRequest.lambda$apply$7(RetryRequest.java:82)
	at org.openqa.selenium.remote.http.AddSeleniumUserAgent.lambda$apply$0(AddSeleniumUserAgent.java:42)
	at org.openqa.selenium.remote.http.Filter.lambda$andFinally$1(Filter.java:56)
	at org.openqa.selenium.remote.http.netty.NettyClient.execute(NettyClient.java:108)
	at org.openqa.selenium.remote.tracing.TracedHttpClient.execute(TracedHttpClient.java:55)
	at org.openqa.selenium.remote.ProtocolHandshake.createSession(ProtocolHandshake.java:102)
	at org.openqa.selenium.remote.ProtocolHandshake.createSession(ProtocolHandshake.java:84)
	at org.openqa.selenium.remote.ProtocolHandshake.createSession(ProtocolHandshake.java:62)
	at org.openqa.selenium.remote.HttpCommandExecutor.execute(HttpCommandExecutor.java:156)
	at org.openqa.selenium.remote.TracedCommandExecutor.execute(TracedCommandExecutor.java:50)
	at org.openqa.selenium.remote.RemoteWebDriver.execute(RemoteWebDriver.java:559)
	... 31 more
Caused by: java.util.concurrent.ExecutionException: java.util.concurrent.TimeoutException: Request timeout to 192.168.56.1/192.168.56.1:4443 after 180000 ms
	at java.base/java.util.concurrent.CompletableFuture.reportGet(CompletableFuture.java:395)
	at java.base/java.util.concurrent.CompletableFuture.get(CompletableFuture.java:2022)
	at org.asynchttpclient.netty.NettyResponseFuture.get(NettyResponseFuture.java:206)
	at org.openqa.selenium.remote.http.netty.NettyHttpHandler.makeCall(NettyHttpHandler.java:66)
	... 62 more
Caused by: java.util.concurrent.TimeoutException: Request timeout to 192.168.56.1/192.168.56.1:4443 after 180000 ms
	at org.asynchttpclient.netty.timeout.TimeoutTimerTask.expire(TimeoutTimerTask.java:43)
	at org.asynchttpclient.netty.timeout.RequestTimeoutTimerTask.run(RequestTimeoutTimerTask.java:50)
	at io.netty.util.HashedWheelTimer$HashedWheelTimeout.run(HashedWheelTimer.java:715)
	at io.netty.util.concurrent.ImmediateExecutor.execute(ImmediateExecutor.java:34)
	at io.netty.util.HashedWheelTimer$HashedWheelTimeout.expire(HashedWheelTimer.java:703)
	at io.netty.util.HashedWheelTimer$HashedWheelBucket.expireTimeouts(HashedWheelTimer.java:790)
	at io.netty.util.HashedWheelTimer$Worker.run(HashedWheelTimer.java:503)
	at io.netty.util.concurrent.FastThreadLocalRunnable.run(FastThreadLocalRunnable.java:30)
	at java.base/java.lang.Thread.run(Thread.java:834)


java.lang.NullPointerException
	at MyFirstTestChrome.stop(MyFirstTestChrome.java:43)
	at java.base/jdk.internal.reflect.NativeMethodAccessorImpl.invoke0(Native Method)
	at java.base/jdk.internal.reflect.NativeMethodAccessorImpl.invoke(NativeMethodAccessorImpl.java:62)
	at java.base/jdk.internal.reflect.DelegatingMethodAccessorImpl.invoke(DelegatingMethodAccessorImpl.java:43)
	at java.base/java.lang.reflect.Method.invoke(Method.java:566)
	at org.junit.runners.model.FrameworkMethod$1.runReflectiveCall(FrameworkMethod.java:59)
	at org.junit.internal.runners.model.ReflectiveCallable.run(ReflectiveCallable.java:12)
	at org.junit.runners.model.FrameworkMethod.invokeExplosively(FrameworkMethod.java:56)
	at org.junit.internal.runners.statements.RunAfters.invokeMethod(RunAfters.java:46)
	at org.junit.internal.runners.statements.RunAfters.evaluate(RunAfters.java:33)
	at org.junit.runners.ParentRunner$3.evaluate(ParentRunner.java:306)
	at org.junit.runners.BlockJUnit4ClassRunner$1.evaluate(BlockJUnit4ClassRunner.java:100)
	at org.junit.runners.ParentRunner.runLeaf(ParentRunner.java:366)
	at org.junit.runners.BlockJUnit4ClassRunner.runChild(BlockJUnit4ClassRunner.java:103)
	at org.junit.runners.BlockJUnit4ClassRunner.runChild(BlockJUnit4ClassRunner.java:63)
	at org.junit.runners.ParentRunner$4.run(ParentRunner.java:331)
	at org.junit.runners.ParentRunner$1.schedule(ParentRunner.java:79)
	at org.junit.runners.ParentRunner.runChildren(ParentRunner.java:329)
	at org.junit.runners.ParentRunner.access$100(ParentRunner.java:66)
	at org.junit.runners.ParentRunner$2.evaluate(ParentRunner.java:293)
	at org.junit.runners.ParentRunner$3.evaluate(ParentRunner.java:306)
	at org.junit.runners.ParentRunner.run(ParentRunner.java:413)
	at org.junit.runner.JUnitCore.run(JUnitCore.java:137)
	at com.intellij.junit4.JUnit4IdeaTestRunner.startRunnerWithArgs(JUnit4IdeaTestRunner.java:69)
	at com.intellij.rt.junit.IdeaTestRunner$Repeater.startRunnerWithArgs(IdeaTestRunner.java:33)
	at com.intellij.rt.junit.JUnitStarter.prepareStreamsAndStart(JUnitStarter.java:235)
	at com.intellij.rt.junit.JUnitStarter.main(JUnitStarter.java:54)


Process finished with exit code -1
